
=== Fri Sep 30 07:30:39 2022

Packages were changed.
Update Mode: updateDependencies

The following packages were added:
  com.unity.ads@3.7.5
  com.unity.analytics@3.6.12
  com.unity.purchasing@4.4.1
  com.unity.xr.legacyinputhelpers@2.1.10
The following packages were updated:
  com.unity.2d.animation from version 4.2.4 to 7.0.7
  com.unity.2d.pixel-perfect from version 3.0.2 to 5.0.1
  com.unity.2d.psdimporter from version 3.1.4 to 6.0.5
  com.unity.2d.spriteshape from version 4.1.2 to 7.0.6
  com.unity.collab-proxy from version 1.3.8 to 1.17.2
  com.unity.ide.rider from version 1.2.1 to 3.0.15
  com.unity.ide.visualstudio from version 2.0.2 to 2.0.16
  com.unity.ide.vscode from version 1.2.1 to 1.2.5
  com.unity.test-framework from version 1.1.14 to 1.1.31
  com.unity.textmeshpro from version 3.0.0-preview.1 to 3.0.6
  com.unity.timeline from version 1.3.4 to 1.6.4
